Arguments: 
  C:\Program Files\nodejs\node.exe C:\Program Files\nodejs\node_modules\yarn\bin\yarn.js add -D typescript @type/react @type/recoil

PATH: 
  C:\Program Files\NVIDIA GPU Computing Toolkit\CUDA\v9.1\bin;C:\Program Files\NVIDIA GPU Computing Toolkit\CUDA\v9.1\libnvvp;C:\ProgramData\Oracle\Java\javapath;C:\Perl64\site\bin;C:\Perl64\bin;C:\Program Files (x86)\Intel\iCLS Client\;C:\Program Files\Intel\iCLS Client\;C:\WINDOWS\system32;C:\WINDOWS;C:\WINDOWS\System32\Wbem;C:\WINDOWS\System32\WindowsPowerShell\v1.0\;C:\Program Files\Intel\Intel(R) Management Engine Components\DAL;C:\Program Files (x86)\Intel\Intel(R) Management Engine Components\DAL;C:\Program Files\Intel\Intel(R) Management Engine Components\IPT;C:\Program Files (x86)\Intel\Intel(R) Management Engine Components\IPT;C:\Program Files\gnuplot\bin;C:\alphaMELTS;C:\Program Files\Java\jdk1.8.0_45\bin;C:\Users\fumitoshi\.dnx\bin;C:\Program Files\Microsoft DNX\Dnvm\;C:\Users\fumitoshi\AppData\Local\Pandoc;C:\Program Files (x86)\NVIDIA Corporation\PhysX\Common;C:\Program Files (x86)\Pandoc\;C:\Users\fumitoshi\AppData\Roaming\npm;C:\Ruby25-x64\bin;C:\Program Files\cuda\bin;C:\WINDOWS\System32\OpenSSH\;C:\Users\fumitoshi\AppData\Roaming\nvm;C:\Program Files\nodejs;C:\Program Files (x86)\GtkSharp\2.12\bin;C:\Program Files\Intel\WiFi\bin\;C:\Program Files\Common Files\Intel\WirelessCommon\;C:\Program Files\NVIDIA Corporation\NVIDIA NvDLISR;C:\Program Files\PowerShell\6\;C:\Program Files\Haskell Platform\8.6.5\mingw\bin;C:\Program Files\dotnet\;C:\PROGRA~1\JPKI;C:\Program Files\Git\cmd;C:\Program Files\Git\mingw64\bin;C:\Program Files\Git\usr\bin;C:\WINDOWS\system32;C:\WINDOWS;C:\WINDOWS\System32\Wbem;C:\WINDOWS\System32\WindowsPowerShell\v1.0\;C:\WINDOWS\System32\OpenSSH\;C:\Program Files\Amazon\AWSCLIV2\;C:\Program Files\erl-23.2\bin;;C:\Program Files\Microsoft VS Code Insiders\bin;C:\Program Files\Docker\Docker\resources\bin;C:\ProgramData\DockerDesktop\version-bin;C:\Users\fumitoshi\AppData\Local\Programs\Python\Launcher\;C:\Users\fumitoshi\AppData\Local\Programs\Python\Python39\Scripts\;C:\Users\fumitoshi\AppData\Local\Programs\Python\Python39\;C:\Users\fumitoshi\AppData\Roaming\cabal\bin;C:\Users\fumitoshi\AppData\Roaming\local\bin;C:\Users\fumitoshi\.cargo\bin;C:\Users\fumitoshi\AppData\Roaming\nvm\v11.7.0\node_modules\npm\node_modules\npm-lifecycle\node-gyp-bin;C:\Program Files\nodejs\node_modules\windows-build-tools\node_modules\.bin;C:\Program Files\nodejs\node_modules\.bin;C:\Program Files\Docker\Docker\Resources\bin;C:\Program Files (x86)\Common Files\Oracle\Java\javapath;C:\ProgramData\Oracle\Java\javapath;C:\Perl64\site\bin;C:\Perl64\bin;C:\Program Files (x86)\Intel\iCLS Client\;C:\Program Files\Intel\iCLS Client\;C:\Program Files\Intel\Intel(R) Management Engine Components\DAL;C:\Program Files (x86)\Intel\Intel(R) Management Engine Components\DAL;C:\Program Files\Intel\Intel(R) Management Engine Components\IPT;C:\Program Files (x86)\Intel\Intel(R) Management Engine Components\IPT;C:\Program Files\Java\jdk1.8.0_45\bin;C:\Users\fumitoshi\.dnx\bin;C:\Program Files\Microsoft DNX\Dnvm\;C:\Users\fumitoshi\AppData\Local\Pandoc;C:\Program Files (x86)\NVIDIA Corporation\PhysX\Common;C:\Program Files (x86)\Pandoc\;C:\Users\fumitoshi\AppData\Roaming\npm;C:\Ruby25-x64\bin;C:\WINDOWS\system32;C:\WINDOWS;C:\WINDOWS\System32\Wbem;C:\WINDOWS\System32\WindowsPowerShell\v1.0\;C:\WINDOWS\System32\OpenSSH\;C:\Program Files\Git\cmd;C:\Program Files\Git\mingw64\bin;C:\Program Files\Git\usr\bin;C:\Users\fumitoshi\AppData\Roaming\nvm;C:\Program Files\nodejs;C:\Program Files (x86)\GtkSharp\2.12\bin;C:\Program Files\Intel\WiFi\bin\;C:\Program Files\Common Files\Intel\WirelessCommon\;C:\Users\fumitoshi\AppData\Local\Programs\Python\Python37\Scripts\;C:\Users\fumitoshi\AppData\Local\Programs\Python\Python37\;%Path_APPEND%;C:\Program Files\R\R-4.0.3\bin\x64;C:\Users\fumitoshi\AppData\Local\Programs\Microsoft VS Code\bin;C:\Users\fumitoshi\.dotnet\tools;

Yarn version: 
  1.22.11

Node version: 
  16.9.0

Platform: 
  win32 x64

Trace: 
  Error: https://registry.yarnpkg.com/@type%2freact: Not found
      at Request.params.callback [as _callback] (C:\Users\fumitoshi\AppData\Roaming\nvm\v16.9.0\node_modules\yarn\lib\cli.js:66992:18)
      at Request.self.callback (C:\Users\fumitoshi\AppData\Roaming\nvm\v16.9.0\node_modules\yarn\lib\cli.js:140763:22)
      at Request.emit (node:events:394:28)
      at Request.<anonymous> (C:\Users\fumitoshi\AppData\Roaming\nvm\v16.9.0\node_modules\yarn\lib\cli.js:141735:10)
      at Request.emit (node:events:394:28)
      at IncomingMessage.<anonymous> (C:\Users\fumitoshi\AppData\Roaming\nvm\v16.9.0\node_modules\yarn\lib\cli.js:141657:12)
      at Object.onceWrapper (node:events:513:28)
      at IncomingMessage.emit (node:events:406:35)
      at endReadableNT (node:internal/streams/readable:1343:12)
      at processTicksAndRejections (node:internal/process/task_queues:83:21)

npm manifest: 
  {
    "name": "scopin-3d",
    "version": "0.0.1",
    "description": "## Prepare 3d model",
    "scripts": {
      "start": "python -m http.server"
    },
    "author": "",
    "license": "ISC",
    "dependencies": {
      "react": "^17.0.2",
      "recoil": "^0.4.1"
    }
  }

yarn manifest: 
  No manifest

Lockfile: 
  # THIS IS AN AUTOGENERATED FILE. DO NOT EDIT THIS FILE DIRECTLY.
  # yarn lockfile v1
  
  
  hamt_plus@1.0.2:
    version "1.0.2"
    resolved "https://registry.yarnpkg.com/hamt_plus/-/hamt_plus-1.0.2.tgz#e21c252968c7e33b20f6a1b094cd85787a265601"
    integrity sha1-4hwlKWjH4zsg9qGwlM2FeHomVgE=
  
  "js-tokens@^3.0.0 || ^4.0.0":
    version "4.0.0"
    resolved "https://registry.yarnpkg.com/js-tokens/-/js-tokens-4.0.0.tgz#19203fb59991df98e3a287050d4647cdeaf32499"
    integrity sha512-RdJUflcE3cUzKiMqQgsCu06FPu9UdIJO0beYbPhHN4k6apgJtifcoCtT9bcxOpYBtpD2kCM6Sbzg4CausW/PKQ==
  
  loose-envify@^1.1.0:
    version "1.4.0"
    resolved "https://registry.yarnpkg.com/loose-envify/-/loose-envify-1.4.0.tgz#71ee51fa7be4caec1a63839f7e682d8132d30caf"
    integrity sha512-lyuxPGr/Wfhrlem2CL/UcnUc1zcqKAImBDzukY7Y5F/yQiNdko6+fRLevlw1HgMySw7f611UIY408EtxRSoK3Q==
    dependencies:
      js-tokens "^3.0.0 || ^4.0.0"
  
  object-assign@^4.1.1:
    version "4.1.1"
    resolved "https://registry.yarnpkg.com/object-assign/-/object-assign-4.1.1.tgz#2109adc7965887cfc05cbbd442cac8bfbb360863"
    integrity sha1-IQmtx5ZYh8/AXLvUQsrIv7s2CGM=
  
  react@^17.0.2:
    version "17.0.2"
    resolved "https://registry.yarnpkg.com/react/-/react-17.0.2.tgz#d0b5cc516d29eb3eee383f75b62864cfb6800037"
    integrity sha512-gnhPt75i/dq/z3/6q/0asP78D0u592D5L1pd7M8P+dck6Fu/jJeL6iVVK23fptSUZj8Vjf++7wXA8UNclGQcbA==
    dependencies:
      loose-envify "^1.1.0"
      object-assign "^4.1.1"
  
  recoil@^0.4.1:
    version "0.4.1"
    resolved "https://registry.yarnpkg.com/recoil/-/recoil-0.4.1.tgz#1cb2171bc98d41361507131a059d7c3525d8c4fe"
    integrity sha512-vp6KPwlHOjJ4bJofmdDchmgI9ilMTCoUisK8/WYLl8dThH7e7KmtZttiLgvDb2Em99dUfTEsk8vT8L1nUMgqXQ==
    dependencies:
      hamt_plus "1.0.2"
